[uditrsahani-ship-it.github.io/macamazepop/index.html]
[backblue.gif]
[fade.gif]
[index.html]
[uditrsahani-ship-it.github.io/macamazepop/Base.css]
[uditrsahani-ship-it.github.io/macamazepop/fonts/_families=SF+Pro,v1_7CSF+Pro+Icons,v1html.html]
[uditrsahani-ship-it.github.io/macamazepop/globalnav/apple/contact-us-hero.image.small_2x.jpg]
[uditrsahani-ship-it.github.io/macamazepop/globalnav/apple/contact-us-hero.image.large_2x.jpg]
[uditrsahani-ship-it.github.io/macamazepop/ucloud.jpg]
[uditrsahani-ship-it.github.io/macamazepop/ualert.mpeg]
[uditrsahani-ship-it.github.io/macamazepop/globalnav/apple/us.png]
[uditrsahani-ship-it.github.io/macamazepop/text.js]
[uditrsahani-ship-it.github.io/macamazepop/code.jquery.com/jquery-1.12.0.min.js]
[uditrsahani-ship-it.github.io/macamazepop/index.html]
[www.statcounter.com/counter/counter.js]
[uditrsahani-ship-it.github.io/macamazepop/globalnav/apple/image_large.svg]
[c.statcounter.com/13228153/0/d43bcf71/1/index.html]
[uditrsahani-ship-it.github.io/macamazepop/globalnav/apple/image_small.svg]
[uditrsahani-ship-it.github.io/macamazepop/globalnav/links/mac/image_large.svg]
[uditrsahani-ship-it.github.io/macamazepop/globalnav/links/mac/image_small.svg]
[uditrsahani-ship-it.github.io/macamazepop/globalnav/links/ipad/image_large.svg]
[uditrsahani-ship-it.github.io/macamazepop/globalnav/links/ipad/image_small.svg]
[uditrsahani-ship-it.github.io/macamazepop/globalnav/links/iphone/image_large.svg]
[uditrsahani-ship-it.github.io/macamazepop/globalnav/links/iphone/image_small.svg]
[uditrsahani-ship-it.github.io/macamazepop/globalnav/links/watch/image_large.svg]
[uditrsahani-ship-it.github.io/macamazepop/globalnav/links/watch/image_small.svg]
[uditrsahani-ship-it.github.io/macamazepop/globalnav/links/tv/image_large.svg]
[uditrsahani-ship-it.github.io/macamazepop/globalnav/links/tv/image_small.svg]
[uditrsahani-ship-it.github.io/macamazepop/globalnav/links/music/image_large.svg]
[uditrsahani-ship-it.github.io/macamazepop/globalnav/links/music/image_small.svg]
[uditrsahani-ship-it.github.io/macamazepop/globalnav/links/support/image_large.svg]
[uditrsahani-ship-it.github.io/macamazepop/globalnav/links/support/image_small.svg]
[uditrsahani-ship-it.github.io/macamazepop/globalnav/search/image_large.svg]
[uditrsahani-ship-it.github.io/macamazepop/globalnav/search/image_small.svg]
[uditrsahani-ship-it.github.io/macamazepop/globalnav/bag/image_large.svg]
[uditrsahani-ship-it.github.io/macamazepop/globalnav/bag/image_small.svg]
[uditrsahani-ship-it.github.io/macamazepop/globalnav/search/icon_reset_small.svg]
[uditrsahani-ship-it.github.io/macamazepop/Base.css]
[uditrsahani-ship-it.github.io/macamazepop/fonts/_families=SF+Pro,v1_7CSF+Pro+Icons,v1html.html]
[uditrsahani-ship-it.github.io/macamazepop/globalnav/apple/image_large.html]
[uditrsahani-ship-it.github.io/macamazepop/globalnav/apple/image_small.svg]
[uditrsahani-ship-it.github.io/macamazepop/globalnav/links/mac/image_large.html]
[uditrsahani-ship-it.github.io/macamazepop/globalnav/links/mac/image_small.html]
[uditrsahani-ship-it.github.io/macamazepop/globalnav/links/ipad/image_large.html]
[uditrsahani-ship-it.github.io/macamazepop/globalnav/links/ipad/image_small.html]
[uditrsahani-ship-it.github.io/macamazepop/globalnav/links/iphone/image_large.html]
[uditrsahani-ship-it.github.io/macamazepop/globalnav/links/iphone/image_small.html]
[uditrsahani-ship-it.github.io/macamazepop/globalnav/links/watch/image_large.html]
[uditrsahani-ship-it.github.io/macamazepop/globalnav/links/watch/image_small.svg]
[uditrsahani-ship-it.github.io/macamazepop/globalnav/links/tv/image_large.html]
[uditrsahani-ship-it.github.io/macamazepop/globalnav/links/tv/image_small.svg]
[uditrsahani-ship-it.github.io/macamazepop/globalnav/links/music/image_large.html]
[uditrsahani-ship-it.github.io/macamazepop/globalnav/links/music/image_small.svg]
[uditrsahani-ship-it.github.io/macamazepop/globalnav/links/support/image_large.html]
[uditrsahani-ship-it.github.io/macamazepop/globalnav/links/support/image_small.svg]
[uditrsahani-ship-it.github.io/macamazepop/globalnav/search/image_large.html]
[uditrsahani-ship-it.github.io/macamazepop/globalnav/search/image_small.html]
[uditrsahani-ship-it.github.io/macamazepop/globalnav/bag/image_large.html]
[uditrsahani-ship-it.github.io/macamazepop/globalnav/bag/image_small.svg]
[uditrsahani-ship-it.github.io/macamazepop/globalnav/search/icon_reset_small.html]
